[2018-10-07 13:33:31] local.ERROR: SQLSTATE[42S02]: Base table or view not found: 1146 Table 'modern_admin.admins' doesn't exist (SQL: insert into `admins` (`name`, `email`, `password`, `job_title`) values (Administrator, admin@gmail.com, $2y$10$ETIb8S4gBizkLMpHq/3Qo.PhOL0cbEzZPxOlJIsCZ/S/5qfpq8Ajq, administrator)) {"exception":"[object] (Illuminate\\Database\\QueryException(code: 42S02): SQLSTATE[42S02]: Base table or view not found: 1146 Table 'modern_admin.admins' doesn't exist (SQL: insert into `admins` (`name`, `email`, `password`, `job_title`) values (Administrator, admin@gmail.com, $2y$10$ETIb8S4gBizkLMpHq/3Qo.PhOL0cbEzZPxOlJIsCZ/S/5qfpq8Ajq, administrator)) at /Volumes/Data/Projects/Laravel/ModernAdmin_Vertical_Fresh/vendor/laravel/framework/src/Illuminate/Database/Connection.php:664, PDOException(code: 42S02): SQLSTATE[42S02]: Base table or view not found: 1146 Table 'modern_admin.admins' doesn't exist at /Volumes/Data/Projects/Laravel/ModernAdmin_Vertical_Fresh/vendor/laravel/framework/src/Illuminate/Database/Connection.php:452)
[stacktrace]
#0 /Volumes/Data/Projects/Laravel/ModernAdmin_Vertical_Fresh/vendor/laravel/framework/src/Illuminate/Database/Connection.php(624): Illuminate\\Database\\Connection->runQueryCallback('insert into `ad...', Array, Object(Closure))
#1 /Volumes/Data/Projects/Laravel/ModernAdmin_Vertical_Fresh/vendor/laravel/framework/src/Illuminate/Database/Connection.php(459): Illuminate\\Database\\Connection->run('insert into `ad...', Array, Object(Closure))
#2 /Volumes/Data/Projects/Laravel/ModernAdmin_Vertical_Fresh/vendor/laravel/framework/src/Illuminate/Database/Connection.php(411): Illuminate\\Database\\Connection->statement('insert into `ad...', Array)
#3 /Volumes/Data/Projects/Laravel/ModernAdmin_Vertical_Fresh/vendor/laravel/framework/src/Illuminate/Database/Query/Builder.php(2477): Illuminate\\Database\\Connection->insert('insert into `ad...', Array)
#4 /Volumes/Data/Projects/Laravel/ModernAdmin_Vertical_Fresh/database/seeds/DatabaseSeeder.php(19): Illuminate\\Database\\Query\\Builder->insert(Array)
#5 [internal function]: DatabaseSeeder->run()
#6 /Volumes/Data/Projects/Laravel/ModernAdmin_Vertical_Fresh/vendor/laravel/framework/src/Illuminate/Container/BoundMethod.php(29): call_user_func_array(Array, Array)
#7 /Volumes/Data/Projects/Laravel/ModernAdmin_Vertical_Fresh/vendor/laravel/framework/src/Illuminate/Container/BoundMethod.php(87): Illuminate\\Container\\BoundMethod::Illuminate\\Container\\{closure}()
#8 /Volumes/Data/Projects/Laravel/ModernAdmin_Vertical_Fresh/vendor/laravel/framework/src/Illuminate/Container/BoundMethod.php(31): Illuminate\\Container\\BoundMethod::callBoundMethod(Object(Illuminate\\Foundation\\Application), Array, Object(Closure))
#9 /Volumes/Data/Projects/Laravel/ModernAdmin_Vertical_Fresh/vendor/laravel/framework/src/Illuminate/Container/Container.php(564): Illuminate\\Container\\BoundMethod::call(Object(Illuminate\\Foundation\\Application), Array, Array, NULL)
#10 /Volumes/Data/Projects/Laravel/ModernAdmin_Vertical_Fresh/vendor/laravel/framework/src/Illuminate/Database/Seeder.php(122): Illuminate\\Container\\Container->call(Array)
#11 /Volumes/Data/Projects/Laravel/ModernAdmin_Vertical_Fresh/vendor/laravel/framework/src/Illuminate/Database/Console/Seeds/SeedCommand.php(63): Illuminate\\Database\\Seeder->__invoke()
#12 /Volumes/Data/Projects/Laravel/ModernAdmin_Vertical_Fresh/vendor/laravel/framework/src/Illuminate/Database/Eloquent/Concerns/GuardsAttributes.php(122): Illuminate\\Database\\Console\\Seeds\\SeedCommand->Illuminate\\Database\\Console\\Seeds\\{closure}()
#13 /Volumes/Data/Projects/Laravel/ModernAdmin_Vertical_Fresh/vendor/laravel/framework/src/Illuminate/Database/Console/Seeds/SeedCommand.php(64): Illuminate\\Database\\Eloquent\\Model::unguarded(Object(Closure))
#14 [internal function]: Illuminate\\Database\\Console\\Seeds\\SeedCommand->handle()
#15 /Volumes/Data/Projects/Laravel/ModernAdmin_Vertical_Fresh/vendor/laravel/framework/src/Illuminate/Container/BoundMethod.php(29): call_user_func_array(Array, Array)
#16 /Volumes/Data/Projects/Laravel/ModernAdmin_Vertical_Fresh/vendor/laravel/framework/src/Illuminate/Container/BoundMethod.php(87): Illuminate\\Container\\BoundMethod::Illuminate\\Container\\{closure}()
#17 /Volumes/Data/Projects/Laravel/ModernAdmin_Vertical_Fresh/vendor/laravel/framework/src/Illuminate/Container/BoundMethod.php(31): Illuminate\\Container\\BoundMethod::callBoundMethod(Object(Illuminate\\Foundation\\Application), Array, Object(Closure))
#18 /Volumes/Data/Projects/Laravel/ModernAdmin_Vertical_Fresh/vendor/laravel/framework/src/Illuminate/Container/Container.php(564): Illuminate\\Container\\BoundMethod::call(Object(Illuminate\\Foundation\\Application), Array, Array, NULL)
#19 /Volumes/Data/Projects/Laravel/ModernAdmin_Vertical_Fresh/vendor/laravel/framework/src/Illuminate/Console/Command.php(179): Illuminate\\Container\\Container->call(Array)
#20 /Volumes/Data/Projects/Laravel/ModernAdmin_Vertical_Fresh/vendor/symfony/console/Command/Command.php(251): Illuminate\\Console\\Command->execute(Object(Symfony\\Component\\Console\\Input\\ArgvInput), Object(Illuminate\\Console\\OutputStyle))
#21 /Volumes/Data/Projects/Laravel/ModernAdmin_Vertical_Fresh/vendor/laravel/framework/src/Illuminate/Console/Command.php(166): Symfony\\Component\\Console\\Command\\Command->run(Object(Symfony\\Component\\Console\\Input\\ArgvInput), Object(Illuminate\\Console\\OutputStyle))
#22 /Volumes/Data/Projects/Laravel/ModernAdmin_Vertical_Fresh/vendor/symfony/console/Application.php(886): Illuminate\\Console\\Command->run(Object(Symfony\\Component\\Console\\Input\\ArgvInput), Object(Symfony\\Component\\Console\\Output\\ConsoleOutput))
#23 /Volumes/Data/Projects/Laravel/ModernAdmin_Vertical_Fresh/vendor/symfony/console/Application.php(262): Symfony\\Component\\Console\\Application->doRunCommand(Object(Illuminate\\Database\\Console\\Seeds\\SeedCommand), Object(Symfony\\Component\\Console\\Input\\ArgvInput), Object(Symfony\\Component\\Console\\Output\\ConsoleOutput))
#24 /Volumes/Data/Projects/Laravel/ModernAdmin_Vertical_Fresh/vendor/symfony/console/Application.php(145): Symfony\\Component\\Console\\Application->doRun(Object(Symfony\\Component\\Console\\Input\\ArgvInput), Object(Symfony\\Component\\Console\\Output\\ConsoleOutput))
#25 /Volumes/Data/Projects/Laravel/ModernAdmin_Vertical_Fresh/vendor/laravel/framework/src/Illuminate/Console/Application.php(89): Symfony\\Component\\Console\\Application->run(Object(Symfony\\Component\\Console\\Input\\ArgvInput), Object(Symfony\\Component\\Console\\Output\\ConsoleOutput))
#26 /Volumes/Data/Projects/Laravel/ModernAdmin_Vertical_Fresh/vendor/laravel/framework/src/Illuminate/Foundation/Console/Kernel.php(122): Illuminate\\Console\\Application->run(Object(Symfony\\Component\\Console\\Input\\ArgvInput), Object(Symfony\\Component\\Console\\Output\\ConsoleOutput))
#27 /Volumes/Data/Projects/Laravel/ModernAdmin_Vertical_Fresh/artisan(37): Illuminate\\Foundation\\Console\\Kernel->handle(Object(Symfony\\Component\\Console\\Input\\ArgvInput), Object(Symfony\\Component\\Console\\Output\\ConsoleOutput))
#28 {main}
"} 
