[2018-10-07 13:33:45] local.ERROR: file_put_contents(C:\xampp\htdocs\Laravel\ModernAdmin_Horizontal_Fresh\storage\framework/sessions/Faj6E2b96tiWhn1RZvzVsrAYJqBI8HAZZKiFgWnP): failed to open stream: No such file or directory {"exception":"[object] (ErrorException(code: 0): file_put_contents(C:\\xampp\\htdocs\\Laravel\\ModernAdmin_Horizontal_Fresh\\storage\\framework/sessions/Faj6E2b96tiWhn1RZvzVsrAYJqBI8HAZZKiFgWnP): failed to open stream: No such file or directory at /Volumes/Data/Projects/Laravel/ModernAdmin_Vertical_Fresh/vendor/laravel/framework/src/Illuminate/Filesystem/Filesystem.php:122)
[stacktrace]
#0 [internal function]: Illuminate\\Foundation\\Bootstrap\\HandleExceptions->handleError(2, 'file_put_conten...', '/Volumes/Data/P...', 122, Array)
#1 /Volumes/Data/Projects/Laravel/ModernAdmin_Vertical_Fresh/vendor/laravel/framework/src/Illuminate/Filesystem/Filesystem.php(122): file_put_contents('C:\\\\xampp\\\\htdocs...', 'a:4:{s:6:\"_toke...', 2)
#2 /Volumes/Data/Projects/Laravel/ModernAdmin_Vertical_Fresh/vendor/laravel/framework/src/Illuminate/Session/FileSessionHandler.php(83): Illuminate\\Filesystem\\Filesystem->put('C:\\\\xampp\\\\htdocs...', 'a:4:{s:6:\"_toke...', true)
#3 /Volumes/Data/Projects/Laravel/ModernAdmin_Vertical_Fresh/vendor/laravel/framework/src/Illuminate/Session/Store.php(129): Illuminate\\Session\\FileSessionHandler->write('Faj6E2b96tiWhn1...', 'a:4:{s:6:\"_toke...')
#4 /Volumes/Data/Projects/Laravel/ModernAdmin_Vertical_Fresh/vendor/laravel/framework/src/Illuminate/Session/Middleware/StartSession.php(87): Illuminate\\Session\\Store->save()
#5 /Volumes/Data/Projects/Laravel/ModernAdmin_Vertical_Fresh/vendor/laravel/framework/src/Illuminate/Foundation/Http/Kernel.php(218): Illuminate\\Session\\Middleware\\StartSession->terminate(Object(Illuminate\\Http\\Request), Object(Illuminate\\Http\\RedirectResponse))
#6 /Volumes/Data/Projects/Laravel/ModernAdmin_Vertical_Fresh/vendor/laravel/framework/src/Illuminate/Foundation/Http/Kernel.php(189): Illuminate\\Foundation\\Http\\Kernel->terminateMiddleware(Object(Illuminate\\Http\\Request), Object(Illuminate\\Http\\RedirectResponse))
#7 /Volumes/Data/Projects/Laravel/ModernAdmin_Vertical_Fresh/public/index.php(60): Illuminate\\Foundation\\Http\\Kernel->terminate(Object(Illuminate\\Http\\Request), Object(Illuminate\\Http\\RedirectResponse))
#8 /Volumes/Data/Projects/Laravel/ModernAdmin_Vertical_Fresh/server.php(21): require_once('/Volumes/Data/P...')
#9 {main}
"} 
[2018-10-07 13:33:45] local.ERROR: View [auth.login] not found. {"exception":"[object] (InvalidArgumentException(code: 0): View [auth.login] not found. at /Volumes/Data/Projects/Laravel/ModernAdmin_Vertical_Fresh/vendor/laravel/framework/src/Illuminate/View/FileViewFinder.php:137)
[stacktrace]
#0 /Volumes/Data/Projects/Laravel/ModernAdmin_Vertical_Fresh/vendor/laravel/framework/src/Illuminate/View/FileViewFinder.php(79): Illuminate\\View\\FileViewFinder->findInPaths('auth.login', Array)
#1 /Volumes/Data/Projects/Laravel/ModernAdmin_Vertical_Fresh/vendor/laravel/framework/src/Illuminate/View/Factory.php(128): Illuminate\\View\\FileViewFinder->find('auth.login')
#2 /Volumes/Data/Projects/Laravel/ModernAdmin_Vertical_Fresh/vendor/laravel/framework/src/Illuminate/Foundation/helpers.php(1001): Illuminate\\View\\Factory->make('auth.login', Array, Array)
#3 /Volumes/Data/Projects/Laravel/ModernAdmin_Vertical_Fresh/vendor/laravel/framework/src/Illuminate/Foundation/Auth/AuthenticatesUsers.php(20): view('auth.login')
#4 [internal function]: App\\Http\\Controllers\\Auth\\LoginController->showLoginForm()
#5 /Volumes/Data/Projects/Laravel/ModernAdmin_Vertical_Fresh/vendor/laravel/framework/src/Illuminate/Routing/Controller.php(54): call_user_func_array(Array, Array)
#6 /Volumes/Data/Projects/Laravel/ModernAdmin_Vertical_Fresh/vendor/laravel/framework/src/Illuminate/Routing/ControllerDispatcher.php(45): Illuminate\\Routing\\Controller->callAction('showLoginForm', Array)
#7 /Volumes/Data/Projects/Laravel/ModernAdmin_Vertical_Fresh/vendor/laravel/framework/src/Illuminate/Routing/Route.php(212): Illuminate\\Routing\\ControllerDispatcher->dispatch(Object(Illuminate\\Routing\\Route), Object(App\\Http\\Controllers\\Auth\\LoginController), 'showLoginForm')
#8 /Volumes/Data/Projects/Laravel/ModernAdmin_Vertical_Fresh/vendor/laravel/framework/src/Illuminate/Routing/Route.php(169): Illuminate\\Routing\\Route->runController()
#9 /Volumes/Data/Projects/Laravel/ModernAdmin_Vertical_Fresh/vendor/laravel/framework/src/Illuminate/Routing/Router.php(665): Illuminate\\Routing\\Route->run()
#10 /Volumes/Data/Projects/Laravel/ModernAdmin_Vertical_Fresh/vendor/laravel/framework/src/Illuminate/Routing/Pipeline.php(30): Illuminate\\Routing\\Router->Illuminate\\Routing\\{closure}(Object(Illuminate\\Http\\Request))
#11 /Volumes/Data/Projects/Laravel/ModernAdmin_Vertical_Fresh/app/Http/Middleware/RedirectIfAuthenticated.php(34): Illuminate\\Routing\\Pipeline->Illuminate\\Routing\\{closure}(Object(Illuminate\\Http\\Request))
#12 /Volumes/Data/Projects/Laravel/ModernAdmin_Vertical_Fresh/vendor/laravel/framework/src/Illuminate/Pipeline/Pipeline.php(151): App\\Http\\Middleware\\RedirectIfAuthenticated->handle(Object(Illuminate\\Http\\Request), Object(Closure))
#13 /Volumes/Data/Projects/Laravel/ModernAdmin_Vertical_Fresh/vendor/laravel/framework/src/Illuminate/Routing/Pipeline.php(53): Illuminate\\Pipeline\\Pipeline->Illuminate\\Pipeline\\{closure}(Object(Illuminate\\Http\\Request))
#14 /Volumes/Data/Projects/Laravel/ModernAdmin_Vertical_Fresh/vendor/laravel/framework/src/Illuminate/Routing/Middleware/SubstituteBindings.php(41): Illuminate\\Routing\\Pipeline->Illuminate\\Routing\\{closure}(Object(Illuminate\\Http\\Request))
#15 /Volumes/Data/Projects/Laravel/ModernAdmin_Vertical_Fresh/vendor/laravel/framework/src/Illuminate/Pipeline/Pipeline.php(151): Illuminate\\Routing\\Middleware\\SubstituteBindings->handle(Object(Illuminate\\Http\\Request), Object(Closure))
#16 /Volumes/Data/Projects/Laravel/ModernAdmin_Vertical_Fresh/vendor/laravel/framework/src/Illuminate/Routing/Pipeline.php(53): Illuminate\\Pipeline\\Pipeline->Illuminate\\Pipeline\\{closure}(Object(Illuminate\\Http\\Request))
#17 /Volumes/Data/Projects/Laravel/ModernAdmin_Vertical_Fresh/vendor/laravel/framework/src/Illuminate/Foundation/Http/Middleware/VerifyCsrfToken.php(68): Illuminate\\Routing\\Pipeline->Illuminate\\Routing\\{closure}(Object(Illuminate\\Http\\Request))
#18 /Volumes/Data/Projects/Laravel/ModernAdmin_Vertical_Fresh/vendor/laravel/framework/src/Illuminate/Pipeline/Pipeline.php(151): Illuminate\\Foundation\\Http\\Middleware\\VerifyCsrfToken->handle(Object(Illuminate\\Http\\Request), Object(Closure))
#19 /Volumes/Data/Projects/Laravel/ModernAdmin_Vertical_Fresh/vendor/laravel/framework/src/Illuminate/Routing/Pipeline.php(53): Illuminate\\Pipeline\\Pipeline->Illuminate\\Pipeline\\{closure}(Object(Illuminate\\Http\\Request))
#20 /Volumes/Data/Projects/Laravel/ModernAdmin_Vertical_Fresh/vendor/laravel/framework/src/Illuminate/View/Middleware/ShareErrorsFromSession.php(49): Illuminate\\Routing\\Pipeline->Illuminate\\Routing\\{closure}(Object(Illuminate\\Http\\Request))
#21 /Volumes/Data/Projects/Laravel/ModernAdmin_Vertical_Fresh/vendor/laravel/framework/src/Illuminate/Pipeline/Pipeline.php(151): Illuminate\\View\\Middleware\\ShareErrorsFromSession->handle(Object(Illuminate\\Http\\Request), Object(Closure))
#22 /Volumes/Data/Projects/Laravel/ModernAdmin_Vertical_Fresh/vendor/laravel/framework/src/Illuminate/Routing/Pipeline.php(53): Illuminate\\Pipeline\\Pipeline->Illuminate\\Pipeline\\{closure}(Object(Illuminate\\Http\\Request))
#23 /Volumes/Data/Projects/Laravel/ModernAdmin_Vertical_Fresh/vendor/laravel/framework/src/Illuminate/Session/Middleware/StartSession.php(63): Illuminate\\Routing\\Pipeline->Illuminate\\Routing\\{closure}(Object(Illuminate\\Http\\Request))
#24 /Volumes/Data/Projects/Laravel/ModernAdmin_Vertical_Fresh/vendor/laravel/framework/src/Illuminate/Pipeline/Pipeline.php(151): Illuminate\\Session\\Middleware\\StartSession->handle(Object(Illuminate\\Http\\Request), Object(Closure))
#25 /Volumes/Data/Projects/Laravel/ModernAdmin_Vertical_Fresh/vendor/laravel/framework/src/Illuminate/Routing/Pipeline.php(53): Illuminate\\Pipeline\\Pipeline->Illuminate\\Pipeline\\{closure}(Object(Illuminate\\Http\\Request))
#26 /Volumes/Data/Projects/Laravel/ModernAdmin_Vertical_Fresh/vendor/laravel/framework/src/Illuminate/Cookie/Middleware/AddQueuedCookiesToResponse.php(37): Illuminate\\Routing\\Pipeline->Illuminate\\Routing\\{closure}(Object(Illuminate\\Http\\Request))
#27 /Volumes/Data/Projects/Laravel/ModernAdmin_Vertical_Fresh/vendor/laravel/framework/src/Illuminate/Pipeline/Pipeline.php(151): Illuminate\\Cookie\\Middleware\\AddQueuedCookiesToResponse->handle(Object(Illuminate\\Http\\Request), Object(Closure))
#28 /Volumes/Data/Projects/Laravel/ModernAdmin_Vertical_Fresh/vendor/laravel/framework/src/Illuminate/Routing/Pipeline.php(53): Illuminate\\Pipeline\\Pipeline->Illuminate\\Pipeline\\{closure}(Object(Illuminate\\Http\\Request))
#29 /Volumes/Data/Projects/Laravel/ModernAdmin_Vertical_Fresh/vendor/laravel/framework/src/Illuminate/Cookie/Middleware/EncryptCookies.php(66): Illuminate\\Routing\\Pipeline->Illuminate\\Routing\\{closure}(Object(Illuminate\\Http\\Request))
#30 /Volumes/Data/Projects/Laravel/ModernAdmin_Vertical_Fresh/vendor/laravel/framework/src/Illuminate/Pipeline/Pipeline.php(151): Illuminate\\Cookie\\Middleware\\EncryptCookies->handle(Object(Illuminate\\Http\\Request), Object(Closure))
#31 /Volumes/Data/Projects/Laravel/ModernAdmin_Vertical_Fresh/vendor/laravel/framework/src/Illuminate/Routing/Pipeline.php(53): Illuminate\\Pipeline\\Pipeline->Illuminate\\Pipeline\\{closure}(Object(Illuminate\\Http\\Request))
#32 /Volumes/Data/Projects/Laravel/ModernAdmin_Vertical_Fresh/vendor/laravel/framework/src/Illuminate/Pipeline/Pipeline.php(104): Illuminate\\Routing\\Pipeline->Illuminate\\Routing\\{closure}(Object(Illuminate\\Http\\Request))
#33 /Volumes/Data/Projects/Laravel/ModernAdmin_Vertical_Fresh/vendor/laravel/framework/src/Illuminate/Routing/Router.php(667): Illuminate\\Pipeline\\Pipeline->then(Object(Closure))
#34 /Volumes/Data/Projects/Laravel/ModernAdmin_Vertical_Fresh/vendor/laravel/framework/src/Illuminate/Routing/Router.php(642): Illuminate\\Routing\\Router->runRouteWithinStack(Object(Illuminate\\Routing\\Route), Object(Illuminate\\Http\\Request))
#35 /Volumes/Data/Projects/Laravel/ModernAdmin_Vertical_Fresh/vendor/laravel/framework/src/Illuminate/Routing/Router.php(608): Illuminate\\Routing\\Router->runRoute(Object(Illuminate\\Http\\Request), Object(Illuminate\\Routing\\Route))
#36 /Volumes/Data/Projects/Laravel/ModernAdmin_Vertical_Fresh/vendor/laravel/framework/src/Illuminate/Routing/Router.php(597): Illuminate\\Routing\\Router->dispatchToRoute(Object(Illuminate\\Http\\Request))
#37 /Volumes/Data/Projects/Laravel/ModernAdmin_Vertical_Fresh/vendor/laravel/framework/src/Illuminate/Foundation/Http/Kernel.php(176): Illuminate\\Routing\\Router->dispatch(Object(Illuminate\\Http\\Request))
#38 /Volumes/Data/Projects/Laravel/ModernAdmin_Vertical_Fresh/vendor/laravel/framework/src/Illuminate/Routing/Pipeline.php(30): Illuminate\\Foundation\\Http\\Kernel->Illuminate\\Foundation\\Http\\{closure}(Object(Illuminate\\Http\\Request))
#39 /Volumes/Data/Projects/Laravel/ModernAdmin_Vertical_Fresh/vendor/fideloper/proxy/src/TrustProxies.php(57): Illuminate\\Routing\\Pipeline->Illuminate\\Routing\\{closure}(Object(Illuminate\\Http\\Request))
#40 /Volumes/Data/Projects/Laravel/ModernAdmin_Vertical_Fresh/vendor/laravel/framework/src/Illuminate/Pipeline/Pipeline.php(151): Fideloper\\Proxy\\TrustProxies->handle(Object(Illuminate\\Http\\Request), Object(Closure))
#41 /Volumes/Data/Projects/Laravel/ModernAdmin_Vertical_Fresh/vendor/laravel/framework/src/Illuminate/Routing/Pipeline.php(53): Illuminate\\Pipeline\\Pipeline->Illuminate\\Pipeline\\{closure}(Object(Illuminate\\Http\\Request))
#42 /Volumes/Data/Projects/Laravel/ModernAdmin_Vertical_Fresh/vendor/laravel/framework/src/Illuminate/Foundation/Http/Middleware/TransformsRequest.php(31): Illuminate\\Routing\\Pipeline->Illuminate\\Routing\\{closure}(Object(Illuminate\\Http\\Request))
#43 /Volumes/Data/Projects/Laravel/ModernAdmin_Vertical_Fresh/vendor/laravel/framework/src/Illuminate/Pipeline/Pipeline.php(151): Illuminate\\Foundation\\Http\\Middleware\\TransformsRequest->handle(Object(Illuminate\\Http\\Request), Object(Closure))
#44 /Volumes/Data/Projects/Laravel/ModernAdmin_Vertical_Fresh/vendor/laravel/framework/src/Illuminate/Routing/Pipeline.php(53): Illuminate\\Pipeline\\Pipeline->Illuminate\\Pipeline\\{closure}(Object(Illuminate\\Http\\Request))
#45 /Volumes/Data/Projects/Laravel/ModernAdmin_Vertical_Fresh/vendor/laravel/framework/src/Illuminate/Foundation/Http/Middleware/TransformsRequest.php(31): Illuminate\\Routing\\Pipeline->Illuminate\\Routing\\{closure}(Object(Illuminate\\Http\\Request))
#46 /Volumes/Data/Projects/Laravel/ModernAdmin_Vertical_Fresh/vendor/laravel/framework/src/Illuminate/Pipeline/Pipeline.php(151): Illuminate\\Foundation\\Http\\Middleware\\TransformsRequest->handle(Object(Illuminate\\Http\\Request), Object(Closure))
#47 /Volumes/Data/Projects/Laravel/ModernAdmin_Vertical_Fresh/vendor/laravel/framework/src/Illuminate/Routing/Pipeline.php(53): Illuminate\\Pipeline\\Pipeline->Illuminate\\Pipeline\\{closure}(Object(Illuminate\\Http\\Request))
#48 /Volumes/Data/Projects/Laravel/ModernAdmin_Vertical_Fresh/vendor/laravel/framework/src/Illuminate/Foundation/Http/Middleware/ValidatePostSize.php(27): Illuminate\\Routing\\Pipeline->Illuminate\\Routing\\{closure}(Object(Illuminate\\Http\\Request))
#49 /Volumes/Data/Projects/Laravel/ModernAdmin_Vertical_Fresh/vendor/laravel/framework/src/Illuminate/Pipeline/Pipeline.php(151): Illuminate\\Foundation\\Http\\Middleware\\ValidatePostSize->handle(Object(Illuminate\\Http\\Request), Object(Closure))
#50 /Volumes/Data/Projects/Laravel/ModernAdmin_Vertical_Fresh/vendor/laravel/framework/src/Illuminate/Routing/Pipeline.php(53): Illuminate\\Pipeline\\Pipeline->Illuminate\\Pipeline\\{closure}(Object(Illuminate\\Http\\Request))
#51 /Volumes/Data/Projects/Laravel/ModernAdmin_Vertical_Fresh/vendor/laravel/framework/src/Illuminate/Foundation/Http/Middleware/CheckForMaintenanceMode.php(62): Illuminate\\Routing\\Pipeline->Illuminate\\Routing\\{closure}(Object(Illuminate\\Http\\Request))
#52 /Volumes/Data/Projects/Laravel/ModernAdmin_Vertical_Fresh/vendor/laravel/framework/src/Illuminate/Pipeline/Pipeline.php(151): Illuminate\\Foundation\\Http\\Middleware\\CheckForMaintenanceMode->handle(Object(Illuminate\\Http\\Request), Object(Closure))
#53 /Volumes/Data/Projects/Laravel/ModernAdmin_Vertical_Fresh/vendor/laravel/framework/src/Illuminate/Routing/Pipeline.php(53): Illuminate\\Pipeline\\Pipeline->Illuminate\\Pipeline\\{closure}(Object(Illuminate\\Http\\Request))
#54 /Volumes/Data/Projects/Laravel/ModernAdmin_Vertical_Fresh/vendor/laravel/framework/src/Illuminate/Pipeline/Pipeline.php(104): Illuminate\\Routing\\Pipeline->Illuminate\\Routing\\{closure}(Object(Illuminate\\Http\\Request))
#55 /Volumes/Data/Projects/Laravel/ModernAdmin_Vertical_Fresh/vendor/laravel/framework/src/Illuminate/Foundation/Http/Kernel.php(151): Illuminate\\Pipeline\\Pipeline->then(Object(Closure))
#56 /Volumes/Data/Projects/Laravel/ModernAdmin_Vertical_Fresh/vendor/laravel/framework/src/Illuminate/Foundation/Http/Kernel.php(116): Illuminate\\Foundation\\Http\\Kernel->sendRequestThroughRouter(Object(Illuminate\\Http\\Request))
#57 /Volumes/Data/Projects/Laravel/ModernAdmin_Vertical_Fresh/public/index.php(55): Illuminate\\Foundation\\Http\\Kernel->handle(Object(Illuminate\\Http\\Request))
#58 /Volumes/Data/Projects/Laravel/ModernAdmin_Vertical_Fresh/server.php(21): require_once('/Volumes/Data/P...')
#59 {main}
"} 
[2018-10-07 13:33:45] local.ERROR: file_put_contents(C:\xampp\htdocs\Laravel\ModernAdmin_Horizontal_Fresh\storage\framework/sessions/Faj6E2b96tiWhn1RZvzVsrAYJqBI8HAZZKiFgWnP): failed to open stream: No such file or directory {"exception":"[object] (ErrorException(code: 0): file_put_contents(C:\\xampp\\htdocs\\Laravel\\ModernAdmin_Horizontal_Fresh\\storage\\framework/sessions/Faj6E2b96tiWhn1RZvzVsrAYJqBI8HAZZKiFgWnP): failed to open stream: No such file or directory at /Volumes/Data/Projects/Laravel/ModernAdmin_Vertical_Fresh/vendor/laravel/framework/src/Illuminate/Filesystem/Filesystem.php:122)
[stacktrace]
#0 [internal function]: Illuminate\\Foundation\\Bootstrap\\HandleExceptions->handleError(2, 'file_put_conten...', '/Volumes/Data/P...', 122, Array)
#1 /Volumes/Data/Projects/Laravel/ModernAdmin_Vertical_Fresh/vendor/laravel/framework/src/Illuminate/Filesystem/Filesystem.php(122): file_put_contents('C:\\\\xampp\\\\htdocs...', 'a:3:{s:6:\"_toke...', 2)
#2 /Volumes/Data/Projects/Laravel/ModernAdmin_Vertical_Fresh/vendor/laravel/framework/src/Illuminate/Session/FileSessionHandler.php(83): Illuminate\\Filesystem\\Filesystem->put('C:\\\\xampp\\\\htdocs...', 'a:3:{s:6:\"_toke...', true)
#3 /Volumes/Data/Projects/Laravel/ModernAdmin_Vertical_Fresh/vendor/laravel/framework/src/Illuminate/Session/Store.php(129): Illuminate\\Session\\FileSessionHandler->write('Faj6E2b96tiWhn1...', 'a:3:{s:6:\"_toke...')
#4 /Volumes/Data/Projects/Laravel/ModernAdmin_Vertical_Fresh/vendor/laravel/framework/src/Illuminate/Session/Middleware/StartSession.php(87): Illuminate\\Session\\Store->save()
#5 /Volumes/Data/Projects/Laravel/ModernAdmin_Vertical_Fresh/vendor/laravel/framework/src/Illuminate/Foundation/Http/Kernel.php(218): Illuminate\\Session\\Middleware\\StartSession->terminate(Object(Illuminate\\Http\\Request), Object(Illuminate\\Http\\Response))
#6 /Volumes/Data/Projects/Laravel/ModernAdmin_Vertical_Fresh/vendor/laravel/framework/src/Illuminate/Foundation/Http/Kernel.php(189): Illuminate\\Foundation\\Http\\Kernel->terminateMiddleware(Object(Illuminate\\Http\\Request), Object(Illuminate\\Http\\Response))
#7 /Volumes/Data/Projects/Laravel/ModernAdmin_Vertical_Fresh/public/index.php(60): Illuminate\\Foundation\\Http\\Kernel->terminate(Object(Illuminate\\Http\\Request), Object(Illuminate\\Http\\Response))
#8 /Volumes/Data/Projects/Laravel/ModernAdmin_Vertical_Fresh/server.php(21): require_once('/Volumes/Data/P...')
#9 {main}
"} 
